<?xml version="1.0" encoding="UTF-8"?>
<testsuite name="org.oop.DistanceAndDirectionCalculatorTest" tests="6" skipped="0" failures="0" errors="0" timestamp="2021-04-19T07:50:47" hostname="Bindus-MBP" time="0.022">
  <properties/>
  <testcase name="twoPointsWithSameXAndYCoordinatesShouldHaveADistanceOfZero()" classname="org.oop.DistanceAndDirectionCalculatorTest" time="0.016"/>
  <testcase name="distanceBetweenOriginAndPointsOnUnitCircleShouldBeOne()" classname="org.oop.DistanceAndDirectionCalculatorTest" time="0.001"/>
  <testcase name="originAndPointOnPostiveXAxisShouldBeZeroRadiansAway()" classname="org.oop.DistanceAndDirectionCalculatorTest" time="0.001"/>
  <testcase name="originAndPointOnNegativeXAxisShouldBePiRadiansAway()" classname="org.oop.DistanceAndDirectionCalculatorTest" time="0.001"/>
  <testcase name="originAndPointOnYAxisShouldBeHalfPiRadiansAway()" classname="org.oop.DistanceAndDirectionCalculatorTest" time="0.001"/>
  <testcase name="distanceBetweenTwoOppositePointsOnUnitCircleShouldBeTwo()" classname="org.oop.DistanceAndDirectionCalculatorTest" time="0.0"/>
  <system-out><![CDATA[]]></system-out>
  <system-err><![CDATA[]]></system-err>
</testsuite>
